Traceback (most recent call last):
  File "/opt/hostedtoolcache/Python/3.8.18/x64/lib/python3.8/site-packages/jupyter_cache/executors/utils.py", line 58, in single_nb_execution
    executenb(
  File "/opt/hostedtoolcache/Python/3.8.18/x64/lib/python3.8/site-packages/nbclient/client.py", line 1305, in execute
    return NotebookClient(nb=nb, resources=resources, km=km, **kwargs).execute()
  File "/opt/hostedtoolcache/Python/3.8.18/x64/lib/python3.8/site-packages/jupyter_core/utils/__init__.py", line 165, in wrapped
    return loop.run_until_complete(inner)
  File "/opt/hostedtoolcache/Python/3.8.18/x64/lib/python3.8/asyncio/base_events.py", line 616, in run_until_complete
    return future.result()
  File "/opt/hostedtoolcache/Python/3.8.18/x64/lib/python3.8/site-packages/nbclient/client.py", line 705, in async_execute
    await self.async_execute_cell(
  File "/opt/hostedtoolcache/Python/3.8.18/x64/lib/python3.8/site-packages/nbclient/client.py", line 1058, in async_execute_cell
    await self._check_raise_for_error(cell, cell_index, exec_reply)
  File "/opt/hostedtoolcache/Python/3.8.18/x64/lib/python3.8/site-packages/nbclient/client.py", line 914, in _check_raise_for_error
    raise CellExecutionError.from_cell_and_msg(cell, exec_reply_content)
nbclient.exceptions.CellExecutionError: An error occurred while executing the following cell:
------------------
import numpy as np
import pandas as pd
import ace_tools as tools

# Create a 4x4x4 3D numpy array representing p(x, y, z) as a joint probability distribution
np.random.seed(42)  # For reproducibility
p_xy = np.random.rand(4, 4, 4)  # Random values

# Normalize so that the total probability sums to 1
p_xy /= np.sum(p_xy)

# Summing over the third axis to get p(x,y)
p_xy_2d = p_xy.sum(axis=2)

# Display the probability distribution
p_df = pd.DataFrame(p_xy_2d, columns=[f"y={j}" for j in range(4)], index=[f"x={i}" for i in range(4)])

tools.display_dataframe_to_user(name="Joint Probability Table p(x,y)", dataframe=p_df)

------------------


[0;31m---------------------------------------------------------------------------[0m
[0;31mModuleNotFoundError[0m                       Traceback (most recent call last)
Cell [0;32mIn[1], line 3[0m
[1;32m      1[0m [38;5;28;01mimport[39;00m[38;5;250m [39m[38;5;21;01mnumpy[39;00m[38;5;250m [39m[38;5;28;01mas[39;00m[38;5;250m [39m[38;5;21;01mnp[39;00m
[1;32m      2[0m [38;5;28;01mimport[39;00m[38;5;250m [39m[38;5;21;01mpandas[39;00m[38;5;250m [39m[38;5;28;01mas[39;00m[38;5;250m [39m[38;5;21;01mpd[39;00m
[0;32m----> 3[0m [38;5;28;01mimport[39;00m[38;5;250m [39m[38;5;21;01mace_tools[39;00m[38;5;250m [39m[38;5;28;01mas[39;00m[38;5;250m [39m[38;5;21;01mtools[39;00m
[1;32m      5[0m [38;5;66;03m# Create a 4x4x4 3D numpy array representing p(x, y, z) as a joint probability distribution[39;00m
[1;32m      6[0m np[38;5;241m.[39mrandom[38;5;241m.[39mseed([38;5;241m42[39m)  [38;5;66;03m# For reproducibility[39;00m

[0;31mModuleNotFoundError[0m: No module named 'ace_tools'

