Traceback (most recent call last):
  File "/opt/hostedtoolcache/Python/3.8.18/x64/lib/python3.8/site-packages/jupyter_cache/executors/utils.py", line 58, in single_nb_execution
    executenb(
  File "/opt/hostedtoolcache/Python/3.8.18/x64/lib/python3.8/site-packages/nbclient/client.py", line 1305, in execute
    return NotebookClient(nb=nb, resources=resources, km=km, **kwargs).execute()
  File "/opt/hostedtoolcache/Python/3.8.18/x64/lib/python3.8/site-packages/jupyter_core/utils/__init__.py", line 165, in wrapped
    return loop.run_until_complete(inner)
  File "/opt/hostedtoolcache/Python/3.8.18/x64/lib/python3.8/asyncio/base_events.py", line 616, in run_until_complete
    return future.result()
  File "/opt/hostedtoolcache/Python/3.8.18/x64/lib/python3.8/site-packages/nbclient/client.py", line 705, in async_execute
    await self.async_execute_cell(
  File "/opt/hostedtoolcache/Python/3.8.18/x64/lib/python3.8/site-packages/nbclient/client.py", line 1058, in async_execute_cell
    await self._check_raise_for_error(cell, cell_index, exec_reply)
  File "/opt/hostedtoolcache/Python/3.8.18/x64/lib/python3.8/site-packages/nbclient/client.py", line 914, in _check_raise_for_error
    raise CellExecutionError.from_cell_and_msg(cell, exec_reply_content)
nbclient.exceptions.CellExecutionError: An error occurred while executing the following cell:
------------------
L = 10  # Lattice size
i, j = 3, 9  # Current spin

# Neighbors with periodic boundary conditions
right = spins[i][(j + 1) % L]
left  = spins[i][(j - 1) % L]
up    = spins[(i - 1) % L][j]
down  = spins[(i + 1) % L][j]

------------------


[0;31m---------------------------------------------------------------------------[0m
[0;31mIndexError[0m                                Traceback (most recent call last)
Cell [0;32mIn[2], line 6[0m
[1;32m      4[0m [38;5;66;03m# Neighbors with periodic boundary conditions[39;00m
[1;32m      5[0m right [38;5;241m=[39m spins[i][(j [38;5;241m+[39m [38;5;241m1[39m) [38;5;241m%[39m L]
[0;32m----> 6[0m left  [38;5;241m=[39m [43mspins[49m[43m[[49m[43mi[49m[43m][49m[43m[[49m[43m([49m[43mj[49m[43m [49m[38;5;241;43m-[39;49m[43m [49m[38;5;241;43m1[39;49m[43m)[49m[43m [49m[38;5;241;43m%[39;49m[43m [49m[43mL[49m[43m][49m
[1;32m      7[0m up    [38;5;241m=[39m spins[(i [38;5;241m-[39m [38;5;241m1[39m) [38;5;241m%[39m L][j]
[1;32m      8[0m down  [38;5;241m=[39m spins[(i [38;5;241m+[39m [38;5;241m1[39m) [38;5;241m%[39m L][j]

[0;31mIndexError[0m: index 8 is out of bounds for axis 0 with size 8

