Traceback (most recent call last):
  File "/opt/hostedtoolcache/Python/3.8.18/x64/lib/python3.8/site-packages/jupyter_cache/executors/utils.py", line 58, in single_nb_execution
    executenb(
  File "/opt/hostedtoolcache/Python/3.8.18/x64/lib/python3.8/site-packages/nbclient/client.py", line 1305, in execute
    return NotebookClient(nb=nb, resources=resources, km=km, **kwargs).execute()
  File "/opt/hostedtoolcache/Python/3.8.18/x64/lib/python3.8/site-packages/jupyter_core/utils/__init__.py", line 165, in wrapped
    return loop.run_until_complete(inner)
  File "/opt/hostedtoolcache/Python/3.8.18/x64/lib/python3.8/asyncio/base_events.py", line 616, in run_until_complete
    return future.result()
  File "/opt/hostedtoolcache/Python/3.8.18/x64/lib/python3.8/site-packages/nbclient/client.py", line 705, in async_execute
    await self.async_execute_cell(
  File "/opt/hostedtoolcache/Python/3.8.18/x64/lib/python3.8/site-packages/nbclient/client.py", line 1058, in async_execute_cell
    await self._check_raise_for_error(cell, cell_index, exec_reply)
  File "/opt/hostedtoolcache/Python/3.8.18/x64/lib/python3.8/site-packages/nbclient/client.py", line 914, in _check_raise_for_error
    raise CellExecutionError.from_cell_and_msg(cell, exec_reply_content)
nbclient.exceptions.CellExecutionError: An error occurred while executing the following cell:
------------------
# Increase the number of particles
num_particles = 200  # More particles

# Generate new random particle positions
x_positions = np.random.uniform(0, Lx, num_particles)
y_positions = np.random.uniform(0, Ly, num_particles)

# Create plot
plt.figure(figsize=(8, 8))

# Plot particles
plt.scatter(x_positions, y_positions, color='blue', s=20, alpha=0.7, label="Particles")

# Draw grid
for x in np.arange(0, Lx + cell_size, cell_size):
    plt.axvline(x, color='black', linestyle='-', linewidth=0.8)
for y in np.arange(0, Ly + cell_size, cell_size):
    plt.axhline(y, color='black', linestyle='-', linewidth=0.8)

# Labels and title
plt.xlabel("x")
plt.ylabel("y")
plt.title("Increased Number of Particles in a 2D Box with Grid Cells")
plt.xlim(0, Lx)
plt.ylim(0, Ly)
plt.legend()
plt.grid(False)  # Disable matplotlib default grid to use custom grid

plt.show()

------------------


[0;31m---------------------------------------------------------------------------[0m
[0;31mNameError[0m                                 Traceback (most recent call last)
Cell [0;32mIn[2], line 5[0m
[1;32m      2[0m num_particles [38;5;241m=[39m [38;5;241m200[39m  [38;5;66;03m# More particles[39;00m
[1;32m      4[0m [38;5;66;03m# Generate new random particle positions[39;00m
[0;32m----> 5[0m x_positions [38;5;241m=[39m np[38;5;241m.[39mrandom[38;5;241m.[39muniform([38;5;241m0[39m, [43mLx[49m, num_particles)
[1;32m      6[0m y_positions [38;5;241m=[39m np[38;5;241m.[39mrandom[38;5;241m.[39muniform([38;5;241m0[39m, Ly, num_particles)
[1;32m      8[0m [38;5;66;03m# Create plot[39;00m

[0;31mNameError[0m: name 'Lx' is not defined

