Traceback (most recent call last):
  File "/opt/hostedtoolcache/Python/3.7.10/x64/lib/python3.7/site-packages/jupyter_cache/executors/utils.py", line 56, in single_nb_execution
    record_timing=False,
  File "/opt/hostedtoolcache/Python/3.7.10/x64/lib/python3.7/site-packages/nbclient/client.py", line 1112, in execute
    return NotebookClient(nb=nb, resources=resources, km=km, **kwargs).execute()
  File "/opt/hostedtoolcache/Python/3.7.10/x64/lib/python3.7/site-packages/nbclient/util.py", line 74, in wrapped
    return just_run(coro(*args, **kwargs))
  File "/opt/hostedtoolcache/Python/3.7.10/x64/lib/python3.7/site-packages/nbclient/util.py", line 53, in just_run
    return loop.run_until_complete(coro)
  File "/opt/hostedtoolcache/Python/3.7.10/x64/lib/python3.7/asyncio/base_events.py", line 587, in run_until_complete
    return future.result()
  File "/opt/hostedtoolcache/Python/3.7.10/x64/lib/python3.7/site-packages/nbclient/client.py", line 554, in async_execute
    cell, index, execution_count=self.code_cells_executed + 1
  File "/opt/hostedtoolcache/Python/3.7.10/x64/lib/python3.7/site-packages/nbclient/client.py", line 857, in async_execute_cell
    self._check_raise_for_error(cell, exec_reply)
  File "/opt/hostedtoolcache/Python/3.7.10/x64/lib/python3.7/site-packages/nbclient/client.py", line 760, in _check_raise_for_error
    raise CellExecutionError.from_cell_and_msg(cell, exec_reply_content)
nbclient.exceptions.CellExecutionError: An error occurred while executing the following cell:
------------------
hv.extension('matplotlib')

def gauss_dist(mu, sigma, npts = 100, label ='Normal Distribution'):
    
    dist = norm(loc=mu, scale=sigma)
    
    x    = np.linspace(mu-4*sigma, mu+4*sigma, npts) 

    return get_overlay(x, dist.pdf(x), dist.cdf(x), dist.rvs(npts), label)

dmap = hv.DynamicMap(gauss_dist, kdims=['mu', 'sigma'])

dmap.redim.range(mu=(0.1,4.0), sigma=(0.1,10.0))
------------------

[0;31m---------------------------------------------------------------------------[0m
[0;31mImportError[0m                               Traceback (most recent call last)
[0;32m<ipython-input-4-470487cb0020>[0m in [0;36m<module>[0;34m[0m
[0;32m----> 1[0;31m [0mhv[0m[0;34m.[0m[0mextension[0m[0;34m([0m[0;34m'matplotlib'[0m[0;34m)[0m[0;34m[0m[0;34m[0m[0m
[0m[1;32m      2[0m [0;34m[0m[0m
[1;32m      3[0m [0;32mdef[0m [0mgauss_dist[0m[0;34m([0m[0mmu[0m[0;34m,[0m [0msigma[0m[0;34m,[0m [0mnpts[0m [0;34m=[0m [0;36m100[0m[0;34m,[0m [0mlabel[0m [0;34m=[0m[0;34m'Normal Distribution'[0m[0;34m)[0m[0;34m:[0m[0;34m[0m[0;34m[0m[0m
[1;32m      4[0m [0;34m[0m[0m
[1;32m      5[0m     [0mdist[0m [0;34m=[0m [0mnorm[0m[0;34m([0m[0mloc[0m[0;34m=[0m[0mmu[0m[0;34m,[0m [0mscale[0m[0;34m=[0m[0msigma[0m[0;34m)[0m[0;34m[0m[0;34m[0m[0m

[0;32m/opt/hostedtoolcache/Python/3.7.10/x64/lib/python3.7/site-packages/param/parameterized.py[0m in [0;36m__new__[0;34m(class_, *args, **params)[0m
[1;32m   3019[0m         [0minst[0m [0;34m=[0m [0mclass_[0m[0;34m.[0m[0minstance[0m[0;34m([0m[0;34m)[0m[0;34m[0m[0;34m[0m[0m
[1;32m   3020[0m         [0minst[0m[0;34m.[0m[0mparam[0m[0;34m.[0m[0m_set_name[0m[0;34m([0m[0mclass_[0m[0;34m.[0m[0m__name__[0m[0;34m)[0m[0;34m[0m[0;34m[0m[0m
[0;32m-> 3021[0;31m         [0;32mreturn[0m [0minst[0m[0;34m.[0m[0m__call__[0m[0;34m([0m[0;34m*[0m[0margs[0m[0;34m,[0m[0;34m**[0m[0mparams[0m[0;34m)[0m[0;34m[0m[0;34m[0m[0m
[0m[1;32m   3022[0m [0;34m[0m[0m
[1;32m   3023[0m     [0;32mdef[0m [0m__call__[0m[0;34m([0m[0mself[0m[0;34m,[0m[0;34m*[0m[0margs[0m[0;34m,[0m[0;34m**[0m[0mkw[0m[0;34m)[0m[0;34m:[0m[0;34m[0m[0;34m[0m[0m

[0;32m/opt/hostedtoolcache/Python/3.7.10/x64/lib/python3.7/site-packages/holoviews/ipython/__init__.py[0m in [0;36m__call__[0;34m(self, *args, **params)[0m
[1;32m    114[0m     [0;32mdef[0m [0m__call__[0m[0;34m([0m[0mself[0m[0;34m,[0m [0;34m*[0m[0margs[0m[0;34m,[0m [0;34m**[0m[0mparams[0m[0;34m)[0m[0;34m:[0m[0;34m[0m[0;34m[0m[0m
[1;32m    115[0m         [0mcomms[0m [0;34m=[0m [0mparams[0m[0;34m.[0m[0mpop[0m[0;34m([0m[0;34m'comms'[0m[0;34m,[0m [0;32mNone[0m[0;34m)[0m[0;34m[0m[0;34m[0m[0m
[0;32m--> 116[0;31m         [0msuper[0m[0;34m([0m[0mnotebook_extension[0m[0;34m,[0m [0mself[0m[0;34m)[0m[0;34m.[0m[0m__call__[0m[0;34m([0m[0;34m*[0m[0margs[0m[0;34m,[0m [0;34m**[0m[0mparams[0m[0;34m)[0m[0;34m[0m[0;34m[0m[0m
[0m[1;32m    117[0m         [0;31m# Abort if IPython not found[0m[0;34m[0m[0;34m[0m[0;34m[0m[0m
[1;32m    118[0m         [0;32mtry[0m[0;34m:[0m[0;34m[0m[0;34m[0m[0m

[0;32m/opt/hostedtoolcache/Python/3.7.10/x64/lib/python3.7/site-packages/holoviews/util/__init__.py[0m in [0;36m__call__[0;34m(self, *args, **params)[0m
[1;32m    747[0m [0;34m[0m[0m
[1;32m    748[0m         [0;32mif[0m [0mselected_backend[0m [0;32mis[0m [0;32mNone[0m[0;34m:[0m[0;34m[0m[0;34m[0m[0m
[0;32m--> 749[0;31m             [0;32mraise[0m [0mImportError[0m[0;34m([0m[0;34m'None of the backends could be imported'[0m[0;34m)[0m[0;34m[0m[0;34m[0m[0m
[0m[1;32m    750[0m         [0mStore[0m[0;34m.[0m[0mset_current_backend[0m[0;34m([0m[0mselected_backend[0m[0;34m)[0m[0;34m[0m[0;34m[0m[0m
[1;32m    751[0m [0;34m[0m[0m

[0;31mImportError[0m: None of the backends could be imported
ImportError: None of the backends could be imported

