Traceback (most recent call last):
  File "/opt/hostedtoolcache/Python/3.7.12/x64/lib/python3.7/site-packages/jupyter_cache/executors/utils.py", line 56, in single_nb_execution
    record_timing=False,
  File "/opt/hostedtoolcache/Python/3.7.12/x64/lib/python3.7/site-packages/nbclient/client.py", line 1204, in execute
    return NotebookClient(nb=nb, resources=resources, km=km, **kwargs).execute()
  File "/opt/hostedtoolcache/Python/3.7.12/x64/lib/python3.7/site-packages/nbclient/util.py", line 84, in wrapped
    return just_run(coro(*args, **kwargs))
  File "/opt/hostedtoolcache/Python/3.7.12/x64/lib/python3.7/site-packages/nbclient/util.py", line 62, in just_run
    return loop.run_until_complete(coro)
  File "/opt/hostedtoolcache/Python/3.7.12/x64/lib/python3.7/asyncio/base_events.py", line 587, in run_until_complete
    return future.result()
  File "/opt/hostedtoolcache/Python/3.7.12/x64/lib/python3.7/site-packages/nbclient/client.py", line 664, in async_execute
    cell, index, execution_count=self.code_cells_executed + 1
  File "/opt/hostedtoolcache/Python/3.7.12/x64/lib/python3.7/site-packages/nbclient/client.py", line 965, in async_execute_cell
    await self._check_raise_for_error(cell, cell_index, exec_reply)
  File "/opt/hostedtoolcache/Python/3.7.12/x64/lib/python3.7/site-packages/nbclient/client.py", line 862, in _check_raise_for_error
    raise CellExecutionError.from_cell_and_msg(cell, exec_reply_content)
nbclient.exceptions.CellExecutionError: An error occurred while executing the following cell:
------------------
def gaussian_x(x, k, kBT): return  np.exp(-k*(x**2)/(2*kBT)) / np.sqrt(2*np.pi*kBT/k)
    
def gaussian_v(v, kBT):    return  np.exp(-(v**2)/(2*kBT))  / np.sqrt(2*np.pi*kBT) 


fig, ax =plt.subplots(nrows=1, ncols=2, figsize=(9,4))

x = np.linspace(min(pos), max(pos), 50)

ax[0].hist(pos, bins=50,normed=True, alpha=0.5) 
ax[0].plot(x, gaussian_x(x, k, kBT), lw=3)

v = np.linspace(min(vel), max(vel),50)

ax[1].hist(vel, bins=50, normed=True, alpha=0.5) 
ax[1].plot(v, gaussian_v(v, kBT), lw=3)
------------------

[0;31m---------------------------------------------------------------------------[0m
[0;31mAttributeError[0m                            Traceback (most recent call last)
[0;32m/tmp/ipykernel_2300/2225769335.py[0m in [0;36m<module>[0;34m[0m
[1;32m      8[0m [0mx[0m [0;34m=[0m [0mnp[0m[0;34m.[0m[0mlinspace[0m[0;34m([0m[0mmin[0m[0;34m([0m[0mpos[0m[0;34m)[0m[0;34m,[0m [0mmax[0m[0;34m([0m[0mpos[0m[0;34m)[0m[0;34m,[0m [0;36m50[0m[0;34m)[0m[0;34m[0m[0;34m[0m[0m
[1;32m      9[0m [0;34m[0m[0m
[0;32m---> 10[0;31m [0max[0m[0;34m[[0m[0;36m0[0m[0;34m][0m[0;34m.[0m[0mhist[0m[0;34m([0m[0mpos[0m[0;34m,[0m [0mbins[0m[0;34m=[0m[0;36m50[0m[0;34m,[0m[0mnormed[0m[0;34m=[0m[0;32mTrue[0m[0;34m,[0m [0malpha[0m[0;34m=[0m[0;36m0.5[0m[0;34m)[0m[0;34m[0m[0;34m[0m[0m
[0m[1;32m     11[0m [0max[0m[0;34m[[0m[0;36m0[0m[0;34m][0m[0;34m.[0m[0mplot[0m[0;34m([0m[0mx[0m[0;34m,[0m [0mgaussian_x[0m[0;34m([0m[0mx[0m[0;34m,[0m [0mk[0m[0;34m,[0m [0mkBT[0m[0;34m)[0m[0;34m,[0m [0mlw[0m[0;34m=[0m[0;36m3[0m[0;34m)[0m[0;34m[0m[0;34m[0m[0m
[1;32m     12[0m [0;34m[0m[0m

[0;32m/opt/hostedtoolcache/Python/3.7.12/x64/lib/python3.7/site-packages/matplotlib/__init__.py[0m in [0;36minner[0;34m(ax, data, *args, **kwargs)[0m
[1;32m   1410[0m     [0;32mdef[0m [0minner[0m[0;34m([0m[0max[0m[0;34m,[0m [0;34m*[0m[0margs[0m[0;34m,[0m [0mdata[0m[0;34m=[0m[0;32mNone[0m[0;34m,[0m [0;34m**[0m[0mkwargs[0m[0;34m)[0m[0;34m:[0m[0;34m[0m[0;34m[0m[0m
[1;32m   1411[0m         [0;32mif[0m [0mdata[0m [0;32mis[0m [0;32mNone[0m[0;34m:[0m[0;34m[0m[0;34m[0m[0m
[0;32m-> 1412[0;31m             [0;32mreturn[0m [0mfunc[0m[0;34m([0m[0max[0m[0;34m,[0m [0;34m*[0m[0mmap[0m[0;34m([0m[0msanitize_sequence[0m[0;34m,[0m [0margs[0m[0;34m)[0m[0;34m,[0m [0;34m**[0m[0mkwargs[0m[0;34m)[0m[0;34m[0m[0;34m[0m[0m
[0m[1;32m   1413[0m [0;34m[0m[0m
[1;32m   1414[0m         [0mbound[0m [0;34m=[0m [0mnew_sig[0m[0;34m.[0m[0mbind[0m[0;34m([0m[0max[0m[0;34m,[0m [0;34m*[0m[0margs[0m[0;34m,[0m [0;34m**[0m[0mkwargs[0m[0;34m)[0m[0;34m[0m[0;34m[0m[0m

[0;32m/opt/hostedtoolcache/Python/3.7.12/x64/lib/python3.7/site-packages/matplotlib/axes/_axes.py[0m in [0;36mhist[0;34m(self, x, bins, range, density, weights, cumulative, bottom, histtype, align, orientation, rwidth, log, color, label, stacked, **kwargs)[0m
[1;32m   6789[0m             [0;32mif[0m [0mpatch[0m[0;34m:[0m[0;34m[0m[0;34m[0m[0m
[1;32m   6790[0m                 [0mp[0m [0;34m=[0m [0mpatch[0m[0;34m[[0m[0;36m0[0m[0;34m][0m[0;34m[0m[0;34m[0m[0m
[0;32m-> 6791[0;31m                 [0mp[0m[0;34m.[0m[0mupdate[0m[0;34m([0m[0mkwargs[0m[0;34m)[0m[0;34m[0m[0;34m[0m[0m
[0m[1;32m   6792[0m                 [0;32mif[0m [0mlbl[0m [0;32mis[0m [0;32mnot[0m [0;32mNone[0m[0;34m:[0m[0;34m[0m[0;34m[0m[0m
[1;32m   6793[0m                     [0mp[0m[0;34m.[0m[0mset_label[0m[0;34m([0m[0mlbl[0m[0;34m)[0m[0;34m[0m[0;34m[0m[0m

[0;32m/opt/hostedtoolcache/Python/3.7.12/x64/lib/python3.7/site-packages/matplotlib/artist.py[0m in [0;36mupdate[0;34m(self, props)[0m
[1;32m   1062[0m                     [0mfunc[0m [0;34m=[0m [0mgetattr[0m[0;34m([0m[0mself[0m[0;34m,[0m [0;34mf"set_{k}"[0m[0;34m,[0m [0;32mNone[0m[0;34m)[0m[0;34m[0m[0;34m[0m[0m
[1;32m   1063[0m                     [0;32mif[0m [0;32mnot[0m [0mcallable[0m[0;34m([0m[0mfunc[0m[0;34m)[0m[0;34m:[0m[0;34m[0m[0;34m[0m[0m
[0;32m-> 1064[0;31m                         raise AttributeError(f"{type(self).__name__!r} object "
[0m[1;32m   1065[0m                                              f"has no property {k!r}")
[1;32m   1066[0m                     [0mret[0m[0;34m.[0m[0mappend[0m[0;34m([0m[0mfunc[0m[0;34m([0m[0mv[0m[0;34m)[0m[0;34m)[0m[0;34m[0m[0;34m[0m[0m

[0;31mAttributeError[0m: 'Rectangle' object has no property 'normed'
AttributeError: 'Rectangle' object has no property 'normed'

