Traceback (most recent call last):
  File "/opt/hostedtoolcache/Python/3.8.18/x64/lib/python3.8/site-packages/jupyter_cache/executors/utils.py", line 58, in single_nb_execution
    executenb(
  File "/opt/hostedtoolcache/Python/3.8.18/x64/lib/python3.8/site-packages/nbclient/client.py", line 1305, in execute
    return NotebookClient(nb=nb, resources=resources, km=km, **kwargs).execute()
  File "/opt/hostedtoolcache/Python/3.8.18/x64/lib/python3.8/site-packages/jupyter_core/utils/__init__.py", line 165, in wrapped
    return loop.run_until_complete(inner)
  File "/opt/hostedtoolcache/Python/3.8.18/x64/lib/python3.8/asyncio/base_events.py", line 616, in run_until_complete
    return future.result()
  File "/opt/hostedtoolcache/Python/3.8.18/x64/lib/python3.8/site-packages/nbclient/client.py", line 705, in async_execute
    await self.async_execute_cell(
  File "/opt/hostedtoolcache/Python/3.8.18/x64/lib/python3.8/site-packages/nbclient/client.py", line 1058, in async_execute_cell
    await self._check_raise_for_error(cell, cell_index, exec_reply)
  File "/opt/hostedtoolcache/Python/3.8.18/x64/lib/python3.8/site-packages/nbclient/client.py", line 914, in _check_raise_for_error
    raise CellExecutionError.from_cell_and_msg(cell, exec_reply_content)
nbclient.exceptions.CellExecutionError: An error occurred while executing the following cell:
------------------
# Ininital conditions
x     = 0.1
v     = 0.5

# Input parameters of simulation
kBT   = 0.25
gamma = 10
dt    = 0.01
t_max = 10000
freq  = 10

times, pos, vel, KE, PE = langevin_md_1d(x, v, dt, kBT, gamma, t_max, ho_en_force)
------------------


[0;31m---------------------------------------------------------------------------[0m
[0;31mNameError[0m                                 Traceback (most recent call last)
Cell [0;32mIn[15], line 12[0m
[1;32m      9[0m t_max [38;5;241m=[39m [38;5;241m10000[39m
[1;32m     10[0m freq  [38;5;241m=[39m [38;5;241m10[39m
[0;32m---> 12[0m times, pos, vel, KE, PE [38;5;241m=[39m [43mlangevin_md_1d[49m[43m([49m[43mx[49m[43m,[49m[43m [49m[43mv[49m[43m,[49m[43m [49m[43mdt[49m[43m,[49m[43m [49m[43mkBT[49m[43m,[49m[43m [49m[43mgamma[49m[43m,[49m[43m [49m[43mt_max[49m[43m,[49m[43m [49m[43mho_en_force[49m[43m)[49m

Cell [0;32mIn[14], line 20[0m, in [0;36mlangevin_md_1d[0;34m(x, v, dt, kBT, gamma, t_max, en_force)[0m
[1;32m     17[0m x [38;5;241m+[39m[38;5;241m=[39m v[38;5;241m*[39mdt[38;5;241m/[39m[38;5;241m2[39m
[1;32m     19[0m [38;5;66;03m#O-step[39;00m
[0;32m---> 20[0m v [38;5;241m=[39m v[38;5;241m*[39mnp[38;5;241m.[39mexp([38;5;241m-[39mgamma[38;5;241m*[39mdt) [38;5;241m+[39m np[38;5;241m.[39msqrt([38;5;241m1[39m[38;5;241m-[39mnp[38;5;241m.[39mexp([38;5;241m-[39m[38;5;241m2[39m[38;5;241m*[39mgamma[38;5;241m*[39mdt)) [38;5;241m*[39m np[38;5;241m.[39msqrt(kBT) [38;5;241m*[39m [43mnormal[49m()
[1;32m     22[0m [38;5;66;03m#A-step[39;00m
[1;32m     23[0m x [38;5;241m+[39m[38;5;241m=[39m  v[38;5;241m*[39mdt[38;5;241m/[39m[38;5;241m2[39m

[0;31mNameError[0m: name 'normal' is not defined

